<?xml version="1.0" encoding="UTF-8"?>
<!-- Generated by org.testng.reporters.JUnitReportReporter -->
<testsuite name="INTIVE_FDV.Automation.Ejercicio" tests="15" time="3.408" ignored="0" failures="0" timestamp="08 jul 2019 18:07:02 GMT" skipped="0" hostname="DESKTOP-9BEN8RE" errors="0">
  <testcase name="Step3" time="0.101" classname="INTIVE_FDV.Automation.Ejercicio"/>
  <testcase name="Step9" time="0.076" classname="INTIVE_FDV.Automation.Ejercicio"/>
  <testcase name="Step7" time="0.082" classname="INTIVE_FDV.Automation.Ejercicio"/>
  <testcase name="Step2" time="0.099" classname="INTIVE_FDV.Automation.Ejercicio"/>
  <testcase name="Step11" time="0.089" classname="INTIVE_FDV.Automation.Ejercicio"/>
  <testcase name="Step13" time="0.013" classname="INTIVE_FDV.Automation.Ejercicio"/>
  <testcase name="Step5" time="0.079" classname="INTIVE_FDV.Automation.Ejercicio"/>
  <testcase name="Step12" time="2.376" classname="INTIVE_FDV.Automation.Ejercicio"/>
  <testcase name="Step6" time="0.069" classname="INTIVE_FDV.Automation.Ejercicio"/>
  <testcase name="Step8" time="0.066" classname="INTIVE_FDV.Automation.Ejercicio"/>
  <testcase name="Step4" time="0.050" classname="INTIVE_FDV.Automation.Ejercicio"/>
  <testcase name="Step14" time="0.068" classname="INTIVE_FDV.Automation.Ejercicio"/>
  <testcase name="Verify" time="0.056" classname="INTIVE_FDV.Automation.Ejercicio"/>
  <testcase name="Step10" time="0.055" classname="INTIVE_FDV.Automation.Ejercicio"/>
  <testcase name="Step1" time="0.129" classname="INTIVE_FDV.Automation.Ejercicio"/>
</testsuite> <!-- INTIVE_FDV.Automation.Ejercicio -->
