<?xml version="1.0" encoding="UTF-8"?>
<!-- Generated by org.testng.reporters.JUnitReportReporter -->
<testsuite name="INTIVE_FDV.Automation.Exercise" tests="15" time="9.061" ignored="0" failures="0" timestamp="09 jul 2019 02:24:36 GMT" skipped="0" hostname="DESKTOP-9BEN8RE" errors="0">
  <testcase name="Step1" time="0.107" classname="INTIVE_FDV.Automation.Exercise"/>
  <testcase name="Step8" time="0.054" classname="INTIVE_FDV.Automation.Exercise"/>
  <testcase name="Step9" time="0.046" classname="INTIVE_FDV.Automation.Exercise"/>
  <testcase name="Step7" time="0.055" classname="INTIVE_FDV.Automation.Exercise"/>
  <testcase name="Step11" time="0.052" classname="INTIVE_FDV.Automation.Exercise"/>
  <testcase name="Step4" time="0.026" classname="INTIVE_FDV.Automation.Exercise"/>
  <testcase name="Step3" time="0.035" classname="INTIVE_FDV.Automation.Exercise"/>
  <testcase name="Step5" time="0.064" classname="INTIVE_FDV.Automation.Exercise"/>
  <testcase name="Step6" time="0.039" classname="INTIVE_FDV.Automation.Exercise"/>
  <testcase name="Step14" time="0.043" classname="INTIVE_FDV.Automation.Exercise"/>
  <testcase name="Step2" time="0.061" classname="INTIVE_FDV.Automation.Exercise"/>
  <testcase name="Step12" time="7.879" classname="INTIVE_FDV.Automation.Exercise"/>
  <testcase name="Verify" time="0.561" classname="INTIVE_FDV.Automation.Exercise"/>
  <testcase name="Step10" time="0.033" classname="INTIVE_FDV.Automation.Exercise"/>
  <testcase name="Step13" time="0.006" classname="INTIVE_FDV.Automation.Exercise"/>
</testsuite> <!-- INTIVE_FDV.Automation.Exercise -->
